<?xml version="1.0" encoding="UTF-8"?>
<testng-results ignored="0" total="2" passed="2" failed="0" skipped="0">
  <reporter-output>
  </reporter-output>
  <suite started-at="2024-01-24T11:48:28 IST" name="Default suite" finished-at="2024-01-24T11:48:33 IST" duration-ms="5282">
    <groups>
    </groups>
    <test started-at="2024-01-24T11:48:28 IST" name="Default test" finished-at="2024-01-24T11:48:33 IST" duration-ms="5282">
      <class name="com.JPetStore.JPetStore.LoginJPetStore">
        <test-method is-config="true" signature="beforeTest()[pri:0, instance:com.JPetStore.JPetStore.LoginJPetStore@18df8434]" started-at="2024-01-24T11:48:28 IST" name="beforeTest" finished-at="2024-01-24T11:48:32 IST" duration-ms="3466" status="PASS">
          <reporter-output>
          </reporter-output>
        </test-method> <!-- beforeTest -->
        <test-method signature="login()[pri:0, instance:com.JPetStore.JPetStore.LoginJPetStore@18df8434]" started-at="2024-01-24T11:48:32 IST" name="login" finished-at="2024-01-24T11:48:33 IST" duration-ms="1108" status="PASS">
          <reporter-output>
          </reporter-output>
        </test-method> <!-- login -->
        <test-method signature="logout()[pri:0, instance:com.JPetStore.JPetStore.LoginJPetStore@18df8434]" started-at="2024-01-24T11:48:33 IST" name="logout" finished-at="2024-01-24T11:48:33 IST" duration-ms="489" status="PASS">
          <reporter-output>
          </reporter-output>
        </test-method> <!-- logout -->
        <test-method is-config="true" signature="after()[pri:0, instance:com.JPetStore.JPetStore.LoginJPetStore@18df8434]" started-at="2024-01-24T11:48:33 IST" name="after" finished-at="2024-01-24T11:48:33 IST" duration-ms="144" status="PASS">
          <reporter-output>
          </reporter-output>
        </test-method> <!-- after -->
      </class> <!-- com.JPetStore.JPetStore.LoginJPetStore -->
    </test> <!-- Default test -->
  </suite> <!-- Default suite -->
</testng-results>
