<?xml version="1.0" encoding="UTF-8"?>
<testng-results ignored="0" total="2" passed="2" failed="0" skipped="0">
  <reporter-output>
  </reporter-output>
  <suite started-at="2024-01-24T10:33:02 IST" name="Suite" finished-at="2024-01-24T10:33:06 IST" duration-ms="4724">
    <groups>
    </groups>
    <test started-at="2024-01-24T10:33:02 IST" name="Test" finished-at="2024-01-24T10:33:06 IST" duration-ms="4724">
      <class name="com.JPetStore.JPetStore.LoginJPetStore">
        <test-method is-config="true" signature="beforeTest()[pri:0, instance:com.JPetStore.JPetStore.LoginJPetStore@19e7a160]" started-at="2024-01-24T10:33:02 IST" name="beforeTest" finished-at="2024-01-24T10:33:05 IST" duration-ms="3018" status="PASS">
          <reporter-output>
          </reporter-output>
        </test-method> <!-- beforeTest -->
        <test-method signature="login()[pri:0, instance:com.JPetStore.JPetStore.LoginJPetStore@19e7a160]" started-at="2024-01-24T10:33:05 IST" name="login" finished-at="2024-01-24T10:33:06 IST" duration-ms="794" status="PASS">
          <reporter-output>
          </reporter-output>
        </test-method> <!-- login -->
        <test-method signature="logout()[pri:0, instance:com.JPetStore.JPetStore.LoginJPetStore@19e7a160]" started-at="2024-01-24T10:33:06 IST" name="logout" finished-at="2024-01-24T10:33:06 IST" duration-ms="370" status="PASS">
          <reporter-output>
          </reporter-output>
        </test-method> <!-- logout -->
        <test-method is-config="true" signature="after()[pri:0, instance:com.JPetStore.JPetStore.LoginJPetStore@19e7a160]" started-at="2024-01-24T10:33:06 IST" name="after" finished-at="2024-01-24T10:33:06 IST" duration-ms="173" status="PASS">
          <reporter-output>
          </reporter-output>
        </test-method> <!-- after -->
      </class> <!-- com.JPetStore.JPetStore.LoginJPetStore -->
    </test> <!-- Test -->
  </suite> <!-- Suite -->
</testng-results>
